<?xml version="1.0" encoding="UTF-8"?>
<!-- Generated by org.testng.reporters.JUnitXMLReporter -->
<testsuite hostname="HP-PC" ignored="0" name="Test" tests="4" failures="0" timestamp="28 Feb 2020 06:23:20 GMT" time="0.047" errors="0">
  <testcase name="tc1" time="0.016" classname="driver.PP"/>
  <testcase name="tc2" time="0.015" classname="driver.PP"/>
  <testcase name="tc11" time="0.0" classname="driver.qq"/>
  <testcase name="tc22" time="0.0" classname="driver.qq"/>
</testsuite> <!-- Test -->
